#! /usr/local/iverilog/bin/vvp
:ivl_version "11.0 (devel)" "(s20150603-642-g3bdb50da)";
:ivl_delay_selection "TYPICAL";
:vpi_time_precision + 0;
:vpi_module "system";
:vpi_module "vhdl_sys";
:vpi_module "vhdl_textio";
:vpi_module "v2005_math";
:vpi_module "va_math";
S_0000000001070730 .scope module, "testbench" "testbench" 2 2;
 .timescale 0 0;
v000000000114b660_0 .net "FF_out", 3 0, v000000000101ac50_0;  1 drivers
v000000000114a120_0 .net "PC", 11 0, v0000000001146060_0;  1 drivers
v000000000114b700_0 .net "accu", 3 0, v0000000001063200_0;  1 drivers
v000000000114b840_0 .net "address_RAM", 11 0, L_000000000114ac60;  1 drivers
v000000000114a940_0 .net "c_flag", 0 0, v0000000001146b00_0;  1 drivers
v000000000114ad00_0 .var "clock", 0 0;
RS_00000000010ecfd8 .resolv tri, v00000000010633e0_0, v0000000001062580_0, v0000000001061b80_0, L_000000000114ae40;
v000000000114b340_0 .net8 "data_bus", 3 0, RS_00000000010ecfd8;  4 drivers
v000000000114b520_0 .var/i "immediateDelay", 31 0;
v000000000114b3e0_0 .net "instr", 3 0, L_000000000114a1c0;  1 drivers
v000000000114b160_0 .var/i "jumpDelay", 31 0;
v000000000114a760_0 .var/i "memoryDelay", 31 0;
v000000000114bd40_0 .var/i "nota", 31 0;
v000000000114a620_0 .net "oprnd", 3 0, L_000000000114b480;  1 drivers
v000000000114a800_0 .net "phase", 0 0, v0000000001061cc0_0;  1 drivers
v000000000114b980_0 .net "program_byte", 7 0, L_00000000010534d0;  1 drivers
v000000000114ba20_0 .var "pushbuttons", 3 0;
v000000000114b8e0_0 .var "reset", 0 0;
v000000000114bf20_0 .net "z_flag", 0 0, v0000000001147000_0;  1 drivers
S_00000000010b4450 .scope module, "uPmodule" "uP" 2 16, 3 1 0, S_0000000001070730;
 .timescale 0 0;
    .port_info 0 /INPUT 1 "clock";
    .port_info 1 /INPUT 1 "reset";
    .port_info 2 /INPUT 4 "pushbuttons";
    .port_info 3 /OUTPUT 1 "phase";
    .port_info 4 /OUTPUT 1 "c_flag";
    .port_info 5 /OUTPUT 1 "z_flag";
    .port_info 6 /OUTPUT 4 "instr";
    .port_info 7 /OUTPUT 4 "oprnd";
    .port_info 8 /OUTPUT 4 "data_bus";
    .port_info 9 /OUTPUT 4 "FF_out";
    .port_info 10 /OUTPUT 4 "accu";
    .port_info 11 /OUTPUT 8 "program_byte";
    .port_info 12 /OUTPUT 12 "PC";
    .port_info 13 /OUTPUT 12 "address_RAM";
L_00000000010540a0 .functor BUFZ 4, L_000000000114b480, C4<0000>, C4<0000>, C4<0000>;
L_0000000001054260 .functor BUFZ 8, L_00000000010534d0, C4<00000000>, C4<00000000>, C4<00000000>;
L_00000000010539a0 .functor NOT 1, v0000000001061cc0_0, C4<0>, C4<0>, C4<0>;
v0000000001147dc0_0 .net "ALU_out", 3 0, v0000000001063340_0;  1 drivers
v0000000001147c80_0 .net "C", 0 0, v0000000001062440_0;  1 drivers
v00000000011478c0_0 .net "FF_out", 3 0, v000000000101ac50_0;  alias, 1 drivers
v00000000011471e0_0 .net "PC", 11 0, v0000000001146060_0;  alias, 1 drivers
v0000000001147f00_0 .net "Y", 2 0, L_000000000114ada0;  1 drivers
v0000000001146ba0_0 .net "Zeta", 0 0, v0000000001061860_0;  1 drivers
v0000000001147d20_0 .net *"_s3", 3 0, L_00000000010540a0;  1 drivers
v0000000001147140_0 .net *"_s8", 7 0, L_0000000001054260;  1 drivers
v00000000011469c0_0 .net "accu", 3 0, v0000000001063200_0;  alias, 1 drivers
v0000000001147e60_0 .net "address_RAM", 11 0, L_000000000114ac60;  alias, 1 drivers
v0000000001146100_0 .net "c_flag", 0 0, v0000000001146b00_0;  alias, 1 drivers
v00000000011461a0_0 .net "clock", 0 0, v000000000114ad00_0;  1 drivers
v0000000001146240_0 .net "csRAM", 0 0, L_000000000114a440;  1 drivers
v00000000011464c0_0 .net8 "data_bus", 3 0, RS_00000000010ecfd8;  alias, 4 drivers
v0000000001146560_0 .net "dato_out", 12 0, v0000000001061c20_0;  1 drivers
v00000000011466a0_0 .net "incPC", 0 0, L_000000000114ab20;  1 drivers
v0000000001146f60_0 .net "instr", 3 0, L_000000000114a1c0;  alias, 1 drivers
v0000000001146600_0 .net "loadA", 0 0, L_000000000114b7a0;  1 drivers
v00000000011467e0_0 .net "loadOut", 0 0, L_000000000114a580;  1 drivers
v0000000001146880_0 .net "loadPC", 0 0, L_000000000114aa80;  1 drivers
v0000000001146ce0_0 .net "loadflags", 0 0, L_000000000114a4e0;  1 drivers
v000000000114abc0_0 .net "oeALU", 0 0, L_000000000114bde0;  1 drivers
v000000000114a3a0_0 .net "oeIN", 0 0, L_000000000114b5c0;  1 drivers
v000000000114bc00_0 .net "oeOprnd", 0 0, L_000000000114bac0;  1 drivers
v000000000114a9e0_0 .net "oprnd", 3 0, L_000000000114b480;  alias, 1 drivers
v000000000114bca0_0 .net "out_fetch", 7 0, v0000000001061fe0_0;  1 drivers
v000000000114b2a0_0 .net "phase", 0 0, v0000000001061cc0_0;  alias, 1 drivers
v000000000114a300_0 .net "program_byte", 7 0, L_00000000010534d0;  alias, 1 drivers
v000000000114aee0_0 .net "pushbuttons", 3 0, v000000000114ba20_0;  1 drivers
v000000000114b0c0_0 .net "reset", 0 0, v000000000114b8e0_0;  1 drivers
v000000000114b200_0 .net "weRAM", 0 0, L_000000000114a6c0;  1 drivers
v000000000114be80_0 .net "z_flag", 0 0, v0000000001147000_0;  alias, 1 drivers
L_000000000114ac60 .concat8 [ 8 4 0 0], L_0000000001054260, L_00000000010540a0;
L_000000000114a440 .part v0000000001061c20_0, 5, 1;
L_000000000114a1c0 .part v0000000001061fe0_0, 4, 4;
L_000000000114ab20 .part v0000000001061c20_0, 12, 1;
L_000000000114b7a0 .part v0000000001061c20_0, 10, 1;
L_000000000114a4e0 .part v0000000001061c20_0, 9, 1;
L_000000000114a580 .part v0000000001061c20_0, 0, 1;
L_000000000114aa80 .part v0000000001061c20_0, 11, 1;
L_000000000114b480 .part v0000000001061fe0_0, 0, 4;
L_000000000114bde0 .part v0000000001061c20_0, 3, 1;
L_000000000114b5c0 .part v0000000001061c20_0, 2, 1;
L_000000000114bac0 .part v0000000001061c20_0, 1, 1;
L_000000000114ada0 .part v0000000001061c20_0, 6, 3;
L_000000000114a6c0 .part v0000000001061c20_0, 4, 1;
S_000000000107e380 .scope module, "Phase_module" "Phase_module" 3 40, 4 1 0, S_00000000010b4450;
 .timescale 0 0;
    .port_info 0 /INPUT 1 "clk";
    .port_info 1 /INPUT 1 "rst";
    .port_info 2 /OUTPUT 1 "out";
v0000000001063700_0 .net "clk", 0 0, v000000000114ad00_0;  alias, 1 drivers
v0000000001061cc0_0 .var "out", 0 0;
v00000000010628a0_0 .net "rst", 0 0, v000000000114b8e0_0;  alias, 1 drivers
E_0000000001078950 .event posedge, v0000000001063700_0;
S_0000000001085000 .scope module, "accumulator" "Acumulador" 3 31, 5 1 0, S_00000000010b4450;
 .timescale 0 0;
    .port_info 0 /INPUT 1 "clk";
    .port_info 1 /INPUT 1 "eneabled";
    .port_info 2 /INPUT 1 "rst";
    .port_info 3 /INPUT 4 "in";
    .port_info 4 /OUTPUT 4 "out";
v0000000001062300_0 .net "clk", 0 0, v000000000114ad00_0;  alias, 1 drivers
v00000000010629e0_0 .net "eneabled", 0 0, L_000000000114b7a0;  alias, 1 drivers
v0000000001061900_0 .net "in", 3 0, v0000000001063340_0;  alias, 1 drivers
v0000000001063200_0 .var "out", 3 0;
v0000000001062a80_0 .net "rst", 0 0, v000000000114b8e0_0;  alias, 1 drivers
S_0000000001094320 .scope module, "alu" "Alu" 3 32, 6 1 0, S_00000000010b4450;
 .timescale 0 0;
    .port_info 0 /INPUT 3 "S";
    .port_info 1 /INPUT 4 "A";
    .port_info 2 /INPUT 4 "B";
    .port_info 3 /OUTPUT 1 "C";
    .port_info 4 /OUTPUT 1 "Zeta";
    .port_info 5 /OUTPUT 4 "Y";
v0000000001062620_0 .net "A", 3 0, v0000000001063200_0;  alias, 1 drivers
v0000000001063160_0 .net8 "B", 3 0, RS_00000000010ecfd8;  alias, 4 drivers
v0000000001062440_0 .var "C", 0 0;
v0000000001062b20_0 .net "S", 2 0, L_000000000114ada0;  alias, 1 drivers
v0000000001063340_0 .var "Y", 3 0;
v0000000001061860_0 .var "Zeta", 0 0;
E_0000000001071550 .event edge, v0000000001062b20_0, v0000000001063200_0, v0000000001061900_0, v0000000001063160_0;
S_00000000010944b0 .scope module, "buffer_alu" "Buffer" 3 33, 7 1 0, S_00000000010b4450;
 .timescale 0 0;
    .port_info 0 /INPUT 1 "eneabled";
    .port_info 1 /INPUT 4 "in";
    .port_info 2 /OUTPUT 4 "out";
v0000000001061ea0_0 .net "eneabled", 0 0, L_000000000114bde0;  alias, 1 drivers
v0000000001061f40_0 .net "in", 3 0, v0000000001063340_0;  alias, 1 drivers
v00000000010633e0_0 .var "out", 3 0;
E_0000000001071c10 .event edge, v0000000001061ea0_0, v0000000001061900_0;
S_000000000108b920 .scope module, "buffer_fetch" "Buffer" 3 34, 7 1 0, S_00000000010b4450;
 .timescale 0 0;
    .port_info 0 /INPUT 1 "eneabled";
    .port_info 1 /INPUT 4 "in";
    .port_info 2 /OUTPUT 4 "out";
v00000000010624e0_0 .net "eneabled", 0 0, L_000000000114bac0;  alias, 1 drivers
v0000000001061e00_0 .net "in", 3 0, L_000000000114b480;  alias, 1 drivers
v0000000001062580_0 .var "out", 3 0;
E_0000000001071850 .event edge, v00000000010624e0_0, v0000000001061e00_0;
S_000000000108bab0 .scope module, "buffer_in" "Buffer" 3 35, 7 1 0, S_00000000010b4450;
 .timescale 0 0;
    .port_info 0 /INPUT 1 "eneabled";
    .port_info 1 /INPUT 4 "in";
    .port_info 2 /OUTPUT 4 "out";
v0000000001063520_0 .net "eneabled", 0 0, L_000000000114b5c0;  alias, 1 drivers
v0000000001061a40_0 .net "in", 3 0, v000000000114ba20_0;  alias, 1 drivers
v0000000001061b80_0 .var "out", 3 0;
E_0000000001071910 .event edge, v0000000001063520_0, v0000000001061a40_0;
S_000000000101ef90 .scope module, "decoder" "Decoder" 3 36, 8 1 0, S_00000000010b4450;
 .timescale 0 0;
    .port_info 0 /INPUT 1 "phase";
    .port_info 1 /INPUT 1 "C";
    .port_info 2 /INPUT 1 "Zeta";
    .port_info 3 /INPUT 4 "in";
    .port_info 4 /OUTPUT 13 "out";
v0000000001062bc0_0 .net "C", 0 0, v0000000001146b00_0;  alias, 1 drivers
v0000000001062c60_0 .net "Zeta", 0 0, v0000000001147000_0;  alias, 1 drivers
v0000000001061c20_0 .var "carry", 12 0;
v0000000001062800_0 .net "in", 3 0, L_000000000114a1c0;  alias, 1 drivers
v0000000001063480_0 .net "out", 12 0, v0000000001061c20_0;  alias, 1 drivers
v0000000001062d00_0 .net "phase", 0 0, v0000000001061cc0_0;  alias, 1 drivers
E_0000000001071950 .event edge, v0000000001062800_0, v0000000001062c60_0, v0000000001062bc0_0, v0000000001061cc0_0;
S_000000000101f120 .scope module, "fetch" "Fetch" 3 37, 9 1 0, S_00000000010b4450;
 .timescale 0 0;
    .port_info 0 /INPUT 1 "clk";
    .port_info 1 /INPUT 1 "enabled";
    .port_info 2 /INPUT 1 "rst";
    .port_info 3 /INPUT 8 "D_in";
    .port_info 4 /OUTPUT 8 "D_out";
v00000000010635c0_0 .net "D_in", 7 0, L_00000000010534d0;  alias, 1 drivers
v0000000001061fe0_0 .var "D_out", 7 0;
v0000000001062080_0 .net "clk", 0 0, v000000000114ad00_0;  alias, 1 drivers
v0000000001062da0_0 .net "enabled", 0 0, L_00000000010539a0;  1 drivers
v0000000001061d60_0 .net "rst", 0 0, v000000000114b8e0_0;  alias, 1 drivers
E_0000000001071990 .event posedge, v00000000010628a0_0, v0000000001063700_0;
S_00000000010192b0 .scope module, "ffout" "Acumulador" 3 43, 5 1 0, S_00000000010b4450;
 .timescale 0 0;
    .port_info 0 /INPUT 1 "clk";
    .port_info 1 /INPUT 1 "eneabled";
    .port_info 2 /INPUT 1 "rst";
    .port_info 3 /INPUT 4 "in";
    .port_info 4 /OUTPUT 4 "out";
v0000000001062e40_0 .net "clk", 0 0, v000000000114ad00_0;  alias, 1 drivers
v0000000001062ee0_0 .net "eneabled", 0 0, L_000000000114a580;  alias, 1 drivers
v0000000001063020_0 .net8 "in", 3 0, RS_00000000010ecfd8;  alias, 4 drivers
v000000000101ac50_0 .var "out", 3 0;
v0000000001147960_0 .net "rst", 0 0, v000000000114b8e0_0;  alias, 1 drivers
S_0000000001019440 .scope module, "flags_module" "Flags" 3 38, 10 1 0, S_00000000010b4450;
 .timescale 0 0;
    .port_info 0 /INPUT 1 "clk";
    .port_info 1 /INPUT 1 "enabled";
    .port_info 2 /INPUT 1 "rst";
    .port_info 3 /INPUT 1 "C";
    .port_info 4 /INPUT 1 "Zeta";
    .port_info 5 /OUTPUT 1 "C_out";
    .port_info 6 /OUTPUT 1 "Zeta_out";
v0000000001147460_0 .net "C", 0 0, v0000000001062440_0;  alias, 1 drivers
v0000000001146b00_0 .var "C_out", 0 0;
v0000000001146920_0 .net "Zeta", 0 0, v0000000001061860_0;  alias, 1 drivers
v0000000001147000_0 .var "Zeta_out", 0 0;
v0000000001146a60_0 .net "clk", 0 0, v000000000114ad00_0;  alias, 1 drivers
v0000000001147a00_0 .net "enabled", 0 0, L_000000000114a4e0;  alias, 1 drivers
v0000000001146ec0_0 .net "rst", 0 0, v000000000114b8e0_0;  alias, 1 drivers
S_0000000001010950 .scope module, "program_counter" "P_counter" 3 39, 11 1 0, S_00000000010b4450;
 .timescale 0 0;
    .port_info 0 /INPUT 1 "clk";
    .port_info 1 /INPUT 1 "enabled";
    .port_info 2 /INPUT 1 "rst";
    .port_info 3 /INPUT 1 "load";
    .port_info 4 /INPUT 12 "in";
    .port_info 5 /OUTPUT 12 "C";
v0000000001146060_0 .var "C", 11 0;
v00000000011470a0_0 .net "clk", 0 0, v000000000114ad00_0;  alias, 1 drivers
v0000000001147780_0 .net "enabled", 0 0, L_000000000114ab20;  alias, 1 drivers
v00000000011476e0_0 .net "in", 11 0, L_000000000114ac60;  alias, 1 drivers
v0000000001146c40_0 .net "load", 0 0, L_000000000114aa80;  alias, 1 drivers
v00000000011462e0_0 .net "rst", 0 0, v000000000114b8e0_0;  alias, 1 drivers
S_0000000001010ae0 .scope module, "ram" "Ram" 3 41, 12 1 0, S_00000000010b4450;
 .timescale 0 0;
    .port_info 0 /INPUT 12 "add";
    .port_info 1 /INPUT 1 "weRam";
    .port_info 2 /INPUT 1 "csRam";
    .port_info 3 /INOUT 4 "out";
L_0000000001053cb0 .functor AND 1, L_000000000114a440, L_000000000114bb60, C4<1>, C4<1>;
v0000000001147aa0_0 .net *"_s1", 0 0, L_000000000114bb60;  1 drivers
v0000000001147280_0 .net *"_s2", 0 0, L_0000000001053cb0;  1 drivers
o00000000010edcc8 .functor BUFZ 4, C4<zzzz>; HiZ drive
; Elide local net with no drivers, v0000000001146d80_0 name=_s4
v0000000001146e20_0 .net "add", 11 0, L_000000000114ac60;  alias, 1 drivers
v00000000011475a0_0 .net "csRam", 0 0, L_000000000114a440;  alias, 1 drivers
v0000000001147320_0 .var "data_out", 3 0;
v0000000001146380_0 .net8 "out", 3 0, RS_00000000010ecfd8;  alias, 4 drivers
v00000000011473c0 .array "ram", 4095 0, 3 0;
v0000000001147500_0 .net "weRam", 0 0, L_000000000114a6c0;  alias, 1 drivers
E_00000000010719d0 .event edge, v0000000001147500_0, v00000000011475a0_0, v0000000001063160_0, v00000000011476e0_0;
L_000000000114bb60 .reduce/nor L_000000000114a6c0;
L_000000000114ae40 .functor MUXZ 4, o00000000010edcc8, v0000000001147320_0, L_0000000001053cb0, C4<>;
S_000000000100dd10 .scope module, "rom" "Rom" 3 42, 13 1 0, S_00000000010b4450;
 .timescale 0 0;
    .port_info 0 /INPUT 12 "add";
    .port_info 1 /OUTPUT 8 "data";
L_00000000010534d0 .functor BUFZ 8, L_000000000114af80, C4<00000000>, C4<00000000>, C4<00000000>;
v0000000001147b40_0 .net *"_s0", 7 0, L_000000000114af80;  1 drivers
v0000000001146420_0 .net *"_s2", 13 0, L_000000000114b020;  1 drivers
L_0000000001150058 .functor BUFT 1, C4<00>, C4<0>, C4<0>, C4<0>;
v0000000001146740_0 .net *"_s5", 1 0, L_0000000001150058;  1 drivers
v0000000001147640_0 .net "add", 11 0, v0000000001146060_0;  alias, 1 drivers
v0000000001147820_0 .net "data", 7 0, L_00000000010534d0;  alias, 1 drivers
v0000000001147be0 .array "mem", 4095 0, 7 0;
L_000000000114af80 .array/port v0000000001147be0, L_000000000114b020;
L_000000000114b020 .concat [ 12 2 0 0], v0000000001146060_0, L_0000000001150058;
    .scope S_0000000001085000;
T_0 ;
    %pushi/vec4 0, 0, 4;
    %store/vec4 v0000000001063200_0, 0, 4;
    %end;
    .thread T_0;
    .scope S_0000000001085000;
T_1 ;
    %wait E_0000000001078950;
    %load/vec4 v0000000001062a80_0;
    %flag_set/vec4 8;
    %jmp/0xz  T_1.0, 8;
    %pushi/vec4 0, 0, 4;
    %assign/vec4 v0000000001063200_0, 0;
    %jmp T_1.1;
T_1.0 ;
    %load/vec4 v00000000010629e0_0;
    %pad/u 32;
    %cmpi/e 1, 0, 32;
    %jmp/0xz  T_1.2, 4;
    %load/vec4 v0000000001061900_0;
    %assign/vec4 v0000000001063200_0, 0;
T_1.2 ;
T_1.1 ;
    %jmp T_1;
    .thread T_1;
    .scope S_0000000001094320;
T_2 ;
    %pushi/vec4 0, 0, 1;
    %store/vec4 v0000000001062440_0, 0, 1;
    %pushi/vec4 0, 0, 1;
    %store/vec4 v0000000001061860_0, 0, 1;
    %end;
    .thread T_2;
    .scope S_0000000001094320;
T_3 ;
    %wait E_0000000001071550;
    %load/vec4 v0000000001062b20_0;
    %pad/u 32;
    %cmpi/e 0, 0, 32;
    %jmp/0xz  T_3.0, 4;
    %load/vec4 v0000000001062620_0;
    %assign/vec4 v0000000001063340_0, 0;
    %pushi/vec4 0, 0, 1;
    %assign/vec4 v0000000001062440_0, 0;
    %load/vec4 v0000000001063340_0;
    %pad/u 32;
    %pushi/vec4 0, 0, 32;
    %cmp/e;
    %flag_get/vec4 4;
    %store/vec4 v0000000001061860_0, 0, 1;
    %jmp T_3.1;
T_3.0 ;
    %load/vec4 v0000000001062b20_0;
    %pad/u 32;
    %cmpi/e 2, 0, 32;
    %jmp/0xz  T_3.2, 4;
    %load/vec4 v0000000001063160_0;
    %assign/vec4 v0000000001063340_0, 0;
    %pushi/vec4 0, 0, 1;
    %assign/vec4 v0000000001062440_0, 0;
    %load/vec4 v0000000001063340_0;
    %pad/u 32;
    %pushi/vec4 0, 0, 32;
    %cmp/e;
    %flag_get/vec4 4;
    %store/vec4 v0000000001061860_0, 0, 1;
    %jmp T_3.3;
T_3.2 ;
    %load/vec4 v0000000001062b20_0;
    %pad/u 32;
    %cmpi/e 3, 0, 32;
    %jmp/0xz  T_3.4, 4;
    %load/vec4 v0000000001062620_0;
    %load/vec4 v0000000001063160_0;
    %add;
    %assign/vec4 v0000000001063340_0, 0;
    %load/vec4 v0000000001063340_0;
    %pad/u 32;
    %pushi/vec4 0, 0, 32;
    %cmp/e;
    %flag_get/vec4 4;
    %store/vec4 v0000000001061860_0, 0, 1;
    %load/vec4 v0000000001062620_0;
    %pad/u 32;
    %load/vec4 v0000000001063160_0;
    %pad/u 32;
    %add;
    %cmpi/u 15, 0, 32;
    %flag_or 5, 4; GT is !LE
    %flag_inv 5;
    %jmp/0xz  T_3.6, 5;
    %pushi/vec4 1, 0, 1;
    %assign/vec4 v0000000001062440_0, 0;
    %jmp T_3.7;
T_3.6 ;
    %pushi/vec4 0, 0, 1;
    %assign/vec4 v0000000001062440_0, 0;
T_3.7 ;
    %jmp T_3.5;
T_3.4 ;
    %load/vec4 v0000000001062b20_0;
    %pad/u 32;
    %cmpi/e 1, 0, 32;
    %jmp/0xz  T_3.8, 4;
    %load/vec4 v0000000001062620_0;
    %load/vec4 v0000000001063160_0;
    %sub;
    %assign/vec4 v0000000001063340_0, 0;
    %load/vec4 v0000000001062620_0;
    %load/vec4 v0000000001063160_0;
    %cmp/e;
    %jmp/0xz  T_3.10, 4;
    %load/vec4 v0000000001063340_0;
    %pad/u 32;
    %pushi/vec4 0, 0, 32;
    %cmp/e;
    %flag_get/vec4 4;
    %store/vec4 v0000000001061860_0, 0, 1;
    %pushi/vec4 0, 0, 1;
    %assign/vec4 v0000000001062440_0, 0;
    %jmp T_3.11;
T_3.10 ;
    %load/vec4 v0000000001063160_0;
    %load/vec4 v0000000001062620_0;
    %cmp/u;
    %jmp/0xz  T_3.12, 5;
    %load/vec4 v0000000001063340_0;
    %pad/u 32;
    %pushi/vec4 0, 0, 32;
    %cmp/e;
    %flag_get/vec4 4;
    %store/vec4 v0000000001061860_0, 0, 1;
    %pushi/vec4 0, 0, 1;
    %assign/vec4 v0000000001062440_0, 0;
    %jmp T_3.13;
T_3.12 ;
    %pushi/vec4 1, 0, 1;
    %assign/vec4 v0000000001062440_0, 0;
    %load/vec4 v0000000001063340_0;
    %pad/u 32;
    %pushi/vec4 0, 0, 32;
    %cmp/e;
    %flag_get/vec4 4;
    %store/vec4 v0000000001061860_0, 0, 1;
T_3.13 ;
T_3.11 ;
    %jmp T_3.9;
T_3.8 ;
    %load/vec4 v0000000001062b20_0;
    %pad/u 32;
    %cmpi/e 4, 0, 32;
    %jmp/0xz  T_3.14, 4;
    %load/vec4 v0000000001062620_0;
    %load/vec4 v0000000001063160_0;
    %and;
    %inv;
    %assign/vec4 v0000000001063340_0, 0;
    %pushi/vec4 0, 0, 1;
    %assign/vec4 v0000000001062440_0, 0;
    %load/vec4 v0000000001063340_0;
    %pad/u 32;
    %pushi/vec4 0, 0, 32;
    %cmp/e;
    %flag_get/vec4 4;
    %store/vec4 v0000000001061860_0, 0, 1;
    %jmp T_3.15;
T_3.14 ;
    %load/vec4 v0000000001063340_0;
    %assign/vec4 v0000000001063340_0, 0;
    %pushi/vec4 0, 0, 1;
    %assign/vec4 v0000000001062440_0, 0;
    %load/vec4 v0000000001063340_0;
    %pad/u 32;
    %pushi/vec4 0, 0, 32;
    %cmp/e;
    %flag_get/vec4 4;
    %store/vec4 v0000000001061860_0, 0, 1;
T_3.15 ;
T_3.9 ;
T_3.5 ;
T_3.3 ;
T_3.1 ;
    %jmp T_3;
    .thread T_3, $push;
    .scope S_00000000010944b0;
T_4 ;
    %wait E_0000000001071c10;
    %load/vec4 v0000000001061ea0_0;
    %flag_set/vec4 8;
    %jmp/0xz  T_4.0, 8;
    %load/vec4 v0000000001061f40_0;
    %assign/vec4 v00000000010633e0_0, 0;
    %jmp T_4.1;
T_4.0 ;
    %pushi/vec4 0, 15, 4;
    %assign/vec4 v00000000010633e0_0, 0;
T_4.1 ;
    %jmp T_4;
    .thread T_4, $push;
    .scope S_000000000108b920;
T_5 ;
    %wait E_0000000001071850;
    %load/vec4 v00000000010624e0_0;
    %flag_set/vec4 8;
    %jmp/0xz  T_5.0, 8;
    %load/vec4 v0000000001061e00_0;
    %assign/vec4 v0000000001062580_0, 0;
    %jmp T_5.1;
T_5.0 ;
    %pushi/vec4 0, 15, 4;
    %assign/vec4 v0000000001062580_0, 0;
T_5.1 ;
    %jmp T_5;
    .thread T_5, $push;
    .scope S_000000000108bab0;
T_6 ;
    %wait E_0000000001071910;
    %load/vec4 v0000000001063520_0;
    %flag_set/vec4 8;
    %jmp/0xz  T_6.0, 8;
    %load/vec4 v0000000001061a40_0;
    %assign/vec4 v0000000001061b80_0, 0;
    %jmp T_6.1;
T_6.0 ;
    %pushi/vec4 0, 15, 4;
    %assign/vec4 v0000000001061b80_0, 0;
T_6.1 ;
    %jmp T_6;
    .thread T_6, $push;
    .scope S_000000000101ef90;
T_7 ;
    %pushi/vec4 0, 0, 13;
    %store/vec4 v0000000001061c20_0, 0, 13;
    %end;
    .thread T_7;
    .scope S_000000000101ef90;
T_8 ;
    %wait E_0000000001071950;
    %load/vec4 v0000000001062d00_0;
    %pad/u 32;
    %cmpi/e 0, 0, 32;
    %jmp/0xz  T_8.0, 4;
    %pushi/vec4 4104, 0, 13;
    %store/vec4 v0000000001061c20_0, 0, 13;
    %jmp T_8.1;
T_8.0 ;
    %load/vec4 v0000000001062800_0;
    %pushi/vec4 0, 0, 4;
    %cmp/e;
    %flag_get/vec4 4;
    %load/vec4 v0000000001062bc0_0;
    %pad/u 32;
    %pushi/vec4 1, 0, 32;
    %cmp/e;
    %flag_get/vec4 4;
    %and;
    %flag_set/vec4 8;
    %jmp/0xz  T_8.2, 8;
    %pushi/vec4 2056, 0, 13;
    %assign/vec4 v0000000001061c20_0, 0;
    %jmp T_8.3;
T_8.2 ;
    %load/vec4 v0000000001062800_0;
    %pushi/vec4 0, 0, 4;
    %cmp/e;
    %flag_get/vec4 4;
    %load/vec4 v0000000001062bc0_0;
    %pad/u 32;
    %pushi/vec4 0, 0, 32;
    %cmp/e;
    %flag_get/vec4 4;
    %and;
    %flag_set/vec4 8;
    %jmp/0xz  T_8.4, 8;
    %pushi/vec4 4104, 0, 13;
    %store/vec4 v0000000001061c20_0, 0, 13;
    %jmp T_8.5;
T_8.4 ;
    %load/vec4 v0000000001062800_0;
    %pushi/vec4 1, 0, 4;
    %cmp/e;
    %flag_get/vec4 4;
    %load/vec4 v0000000001062bc0_0;
    %pad/u 32;
    %pushi/vec4 1, 0, 32;
    %cmp/e;
    %flag_get/vec4 4;
    %and;
    %flag_set/vec4 8;
    %jmp/0xz  T_8.6, 8;
    %pushi/vec4 4104, 0, 13;
    %store/vec4 v0000000001061c20_0, 0, 13;
    %jmp T_8.7;
T_8.6 ;
    %load/vec4 v0000000001062800_0;
    %pushi/vec4 1, 0, 4;
    %cmp/e;
    %flag_get/vec4 4;
    %load/vec4 v0000000001062bc0_0;
    %pad/u 32;
    %pushi/vec4 0, 0, 32;
    %cmp/e;
    %flag_get/vec4 4;
    %and;
    %flag_set/vec4 8;
    %jmp/0xz  T_8.8, 8;
    %pushi/vec4 2056, 0, 13;
    %store/vec4 v0000000001061c20_0, 0, 13;
    %jmp T_8.9;
T_8.8 ;
    %load/vec4 v0000000001062800_0;
    %cmpi/e 2, 0, 4;
    %jmp/0xz  T_8.10, 4;
    %pushi/vec4 578, 0, 13;
    %store/vec4 v0000000001061c20_0, 0, 13;
    %jmp T_8.11;
T_8.10 ;
    %load/vec4 v0000000001062800_0;
    %cmpi/e 3, 0, 4;
    %jmp/0xz  T_8.12, 4;
    %pushi/vec4 4704, 0, 13;
    %store/vec4 v0000000001061c20_0, 0, 13;
    %jmp T_8.13;
T_8.12 ;
    %load/vec4 v0000000001062800_0;
    %cmpi/e 4, 0, 4;
    %jmp/0xz  T_8.14, 4;
    %pushi/vec4 1666, 0, 13;
    %store/vec4 v0000000001061c20_0, 0, 13;
    %jmp T_8.15;
T_8.14 ;
    %load/vec4 v0000000001062800_0;
    %cmpi/e 5, 0, 4;
    %jmp/0xz  T_8.16, 4;
    %pushi/vec4 1668, 0, 13;
    %store/vec4 v0000000001061c20_0, 0, 13;
    %jmp T_8.17;
T_8.16 ;
    %load/vec4 v0000000001062800_0;
    %cmpi/e 6, 0, 4;
    %jmp/0xz  T_8.18, 4;
    %pushi/vec4 5792, 0, 13;
    %store/vec4 v0000000001061c20_0, 0, 13;
    %jmp T_8.19;
T_8.18 ;
    %load/vec4 v0000000001062800_0;
    %cmpi/e 7, 0, 4;
    %jmp/0xz  T_8.20, 4;
    %pushi/vec4 4152, 0, 13;
    %store/vec4 v0000000001061c20_0, 0, 13;
    %jmp T_8.21;
T_8.20 ;
    %load/vec4 v0000000001062800_0;
    %pushi/vec4 8, 0, 4;
    %cmp/e;
    %flag_get/vec4 4;
    %load/vec4 v0000000001062c60_0;
    %pad/u 32;
    %pushi/vec4 1, 0, 32;
    %cmp/e;
    %flag_get/vec4 4;
    %and;
    %flag_set/vec4 8;
    %jmp/0xz  T_8.22, 8;
    %pushi/vec4 2056, 0, 13;
    %store/vec4 v0000000001061c20_0, 0, 13;
    %jmp T_8.23;
T_8.22 ;
    %load/vec4 v0000000001062800_0;
    %pushi/vec4 8, 0, 4;
    %cmp/e;
    %flag_get/vec4 4;
    %load/vec4 v0000000001062c60_0;
    %pad/u 32;
    %pushi/vec4 0, 0, 32;
    %cmp/e;
    %flag_get/vec4 4;
    %and;
    %flag_set/vec4 8;
    %jmp/0xz  T_8.24, 8;
    %pushi/vec4 4104, 0, 13;
    %store/vec4 v0000000001061c20_0, 0, 13;
    %jmp T_8.25;
T_8.24 ;
    %load/vec4 v0000000001062800_0;
    %pushi/vec4 9, 0, 4;
    %cmp/e;
    %flag_get/vec4 4;
    %load/vec4 v0000000001062c60_0;
    %pad/u 32;
    %pushi/vec4 1, 0, 32;
    %cmp/e;
    %flag_get/vec4 4;
    %and;
    %flag_set/vec4 8;
    %jmp/0xz  T_8.26, 8;
    %pushi/vec4 4104, 0, 13;
    %store/vec4 v0000000001061c20_0, 0, 13;
    %jmp T_8.27;
T_8.26 ;
    %load/vec4 v0000000001062800_0;
    %pushi/vec4 9, 0, 4;
    %cmp/e;
    %flag_get/vec4 4;
    %load/vec4 v0000000001062c60_0;
    %pad/u 32;
    %pushi/vec4 0, 0, 32;
    %cmp/e;
    %flag_get/vec4 4;
    %and;
    %flag_set/vec4 8;
    %jmp/0xz  T_8.28, 8;
    %pushi/vec4 2056, 0, 13;
    %store/vec4 v0000000001061c20_0, 0, 13;
    %jmp T_8.29;
T_8.28 ;
    %load/vec4 v0000000001062800_0;
    %cmpi/e 10, 0, 4;
    %jmp/0xz  T_8.30, 4;
    %pushi/vec4 1730, 0, 13;
    %store/vec4 v0000000001061c20_0, 0, 13;
    %jmp T_8.31;
T_8.30 ;
    %load/vec4 v0000000001062800_0;
    %cmpi/e 11, 0, 4;
    %jmp/0xz  T_8.32, 4;
    %pushi/vec4 5856, 0, 13;
    %store/vec4 v0000000001061c20_0, 0, 13;
    %jmp T_8.33;
T_8.32 ;
    %load/vec4 v0000000001062800_0;
    %cmpi/e 12, 0, 4;
    %jmp/0xz  T_8.34, 4;
    %pushi/vec4 2056, 0, 13;
    %store/vec4 v0000000001061c20_0, 0, 13;
    %jmp T_8.35;
T_8.34 ;
    %load/vec4 v0000000001062800_0;
    %cmpi/e 13, 0, 4;
    %jmp/0xz  T_8.36, 4;
    %pushi/vec4 9, 0, 13;
    %store/vec4 v0000000001061c20_0, 0, 13;
    %jmp T_8.37;
T_8.36 ;
    %load/vec4 v0000000001062800_0;
    %cmpi/e 14, 0, 4;
    %jmp/0xz  T_8.38, 4;
    %pushi/vec4 1794, 0, 13;
    %store/vec4 v0000000001061c20_0, 0, 13;
    %jmp T_8.39;
T_8.38 ;
    %load/vec4 v0000000001062800_0;
    %cmpi/e 15, 0, 4;
    %jmp/0xz  T_8.40, 4;
    %pushi/vec4 5920, 0, 13;
    %store/vec4 v0000000001061c20_0, 0, 13;
T_8.40 ;
T_8.39 ;
T_8.37 ;
T_8.35 ;
T_8.33 ;
T_8.31 ;
T_8.29 ;
T_8.27 ;
T_8.25 ;
T_8.23 ;
T_8.21 ;
T_8.19 ;
T_8.17 ;
T_8.15 ;
T_8.13 ;
T_8.11 ;
T_8.9 ;
T_8.7 ;
T_8.5 ;
T_8.3 ;
T_8.1 ;
    %jmp T_8;
    .thread T_8, $push;
    .scope S_000000000101f120;
T_9 ;
    %pushi/vec4 0, 0, 8;
    %store/vec4 v0000000001061fe0_0, 0, 8;
    %end;
    .thread T_9;
    .scope S_000000000101f120;
T_10 ;
    %wait E_0000000001071990;
    %load/vec4 v0000000001061d60_0;
    %flag_set/vec4 8;
    %jmp/0xz  T_10.0, 8;
    %pushi/vec4 0, 0, 8;
    %assign/vec4 v0000000001061fe0_0, 0;
    %jmp T_10.1;
T_10.0 ;
    %load/vec4 v0000000001062da0_0;
    %flag_set/vec4 8;
    %jmp/0xz  T_10.2, 8;
    %load/vec4 v00000000010635c0_0;
    %assign/vec4 v0000000001061fe0_0, 0;
T_10.2 ;
T_10.1 ;
    %jmp T_10;
    .thread T_10;
    .scope S_0000000001019440;
T_11 ;
    %pushi/vec4 0, 0, 1;
    %store/vec4 v0000000001146b00_0, 0, 1;
    %pushi/vec4 0, 0, 1;
    %store/vec4 v0000000001147000_0, 0, 1;
    %end;
    .thread T_11;
    .scope S_0000000001019440;
T_12 ;
    %wait E_0000000001078950;
    %load/vec4 v0000000001146ec0_0;
    %flag_set/vec4 8;
    %jmp/0xz  T_12.0, 8;
    %pushi/vec4 0, 0, 1;
    %assign/vec4 v0000000001146b00_0, 0;
    %pushi/vec4 0, 0, 1;
    %assign/vec4 v0000000001147000_0, 0;
    %jmp T_12.1;
T_12.0 ;
    %load/vec4 v0000000001147a00_0;
    %pad/u 32;
    %cmpi/e 1, 0, 32;
    %jmp/0xz  T_12.2, 4;
    %load/vec4 v0000000001147460_0;
    %assign/vec4 v0000000001146b00_0, 0;
    %load/vec4 v0000000001146920_0;
    %assign/vec4 v0000000001147000_0, 0;
T_12.2 ;
T_12.1 ;
    %jmp T_12;
    .thread T_12;
    .scope S_0000000001010950;
T_13 ;
    %pushi/vec4 0, 0, 12;
    %store/vec4 v0000000001146060_0, 0, 12;
    %end;
    .thread T_13;
    .scope S_0000000001010950;
T_14 ;
    %wait E_0000000001078950;
    %load/vec4 v0000000001146c40_0;
    %flag_set/vec4 8;
    %jmp/0xz  T_14.0, 8;
    %load/vec4 v00000000011476e0_0;
    %assign/vec4 v0000000001146060_0, 0;
    %jmp T_14.1;
T_14.0 ;
    %load/vec4 v00000000011462e0_0;
    %flag_set/vec4 8;
    %jmp/0xz  T_14.2, 8;
    %pushi/vec4 0, 0, 12;
    %assign/vec4 v0000000001146060_0, 0;
    %jmp T_14.3;
T_14.2 ;
    %load/vec4 v0000000001147780_0;
    %flag_set/vec4 8;
    %jmp/0xz  T_14.4, 8;
    %load/vec4 v0000000001146060_0;
    %addi 1, 0, 12;
    %assign/vec4 v0000000001146060_0, 0;
T_14.4 ;
T_14.3 ;
T_14.1 ;
    %jmp T_14;
    .thread T_14;
    .scope S_000000000107e380;
T_15 ;
    %pushi/vec4 0, 0, 1;
    %store/vec4 v0000000001061cc0_0, 0, 1;
    %end;
    .thread T_15;
    .scope S_000000000107e380;
T_16 ;
    %wait E_0000000001078950;
    %load/vec4 v0000000001061cc0_0;
    %inv;
    %assign/vec4 v0000000001061cc0_0, 0;
    %jmp T_16;
    .thread T_16;
    .scope S_0000000001010ae0;
T_17 ;
    %wait E_00000000010719d0;
    %load/vec4 v00000000011475a0_0;
    %pad/u 32;
    %pushi/vec4 1, 0, 32;
    %cmp/e;
    %flag_get/vec4 4;
    %load/vec4 v0000000001147500_0;
    %pad/u 32;
    %pushi/vec4 1, 0, 32;
    %cmp/e;
    %flag_get/vec4 4;
    %and;
    %flag_set/vec4 8;
    %jmp/0xz  T_17.0, 8;
    %load/vec4 v0000000001146380_0;
    %load/vec4 v0000000001146e20_0;
    %pad/u 14;
    %ix/vec4 3;
    %ix/load 4, 0, 0; Constant delay
    %assign/vec4/a/d v00000000011473c0, 0, 4;
    %jmp T_17.1;
T_17.0 ;
    %load/vec4 v00000000011475a0_0;
    %pad/u 32;
    %pushi/vec4 1, 0, 32;
    %cmp/e;
    %flag_get/vec4 4;
    %load/vec4 v0000000001147500_0;
    %pad/u 32;
    %pushi/vec4 0, 0, 32;
    %cmp/e;
    %flag_get/vec4 4;
    %and;
    %flag_set/vec4 8;
    %jmp/0xz  T_17.2, 8;
    %load/vec4 v0000000001146e20_0;
    %pad/u 14;
    %ix/vec4 4;
    %load/vec4a v00000000011473c0, 4;
    %assign/vec4 v0000000001147320_0, 0;
T_17.2 ;
T_17.1 ;
    %jmp T_17;
    .thread T_17, $push;
    .scope S_000000000100dd10;
T_18 ;
    %vpi_call 13 7 "$readmemh", "memory.list", v0000000001147be0 {0 0 0};
    %end;
    .thread T_18;
    .scope S_00000000010192b0;
T_19 ;
    %pushi/vec4 0, 0, 4;
    %store/vec4 v000000000101ac50_0, 0, 4;
    %end;
    .thread T_19;
    .scope S_00000000010192b0;
T_20 ;
    %wait E_0000000001078950;
    %load/vec4 v0000000001147960_0;
    %flag_set/vec4 8;
    %jmp/0xz  T_20.0, 8;
    %pushi/vec4 0, 0, 4;
    %assign/vec4 v000000000101ac50_0, 0;
    %jmp T_20.1;
T_20.0 ;
    %load/vec4 v0000000001062ee0_0;
    %pad/u 32;
    %cmpi/e 1, 0, 32;
    %jmp/0xz  T_20.2, 4;
    %load/vec4 v0000000001063020_0;
    %assign/vec4 v000000000101ac50_0, 0;
T_20.2 ;
T_20.1 ;
    %jmp T_20;
    .thread T_20;
    .scope S_0000000001070730;
T_21 ;
    %pushi/vec4 0, 0, 32;
    %store/vec4 v000000000114bd40_0, 0, 32;
    %pushi/vec4 16, 0, 32;
    %store/vec4 v000000000114b520_0, 0, 32;
    %pushi/vec4 656, 0, 32;
    %store/vec4 v000000000114b160_0, 0, 32;
    %pushi/vec4 276, 0, 32;
    %store/vec4 v000000000114a760_0, 0, 32;
    %end;
    .thread T_21;
    .scope S_0000000001070730;
T_22 ;
    %delay 1000, 0;
    %vpi_call 2 32 "$finish" {0 0 0};
    %end;
    .thread T_22;
    .scope S_0000000001070730;
T_23 ;
    %delay 5, 0;
    %load/vec4 v000000000114ad00_0;
    %inv;
    %store/vec4 v000000000114ad00_0, 0, 1;
    %jmp T_23;
    .thread T_23;
    .scope S_0000000001070730;
T_24 ;
    %pushi/vec4 0, 0, 1;
    %store/vec4 v000000000114ad00_0, 0, 1;
    %pushi/vec4 0, 0, 1;
    %store/vec4 v000000000114b8e0_0, 0, 1;
    %pushi/vec4 6, 0, 4;
    %store/vec4 v000000000114ba20_0, 0, 4;
    %pushi/vec4 0, 0, 32;
    %store/vec4 v000000000114bd40_0, 0, 32;
    %delay 2, 0;
    %pushi/vec4 1, 0, 1;
    %store/vec4 v000000000114b8e0_0, 0, 1;
    %delay 1, 0;
    %pushi/vec4 0, 0, 1;
    %store/vec4 v000000000114b8e0_0, 0, 1;
    %vpi_call 2 41 "$display", "\012" {0 0 0};
    %vpi_call 2 42 "$display", "Bienvenido al testbench de su proyecto" {0 0 0};
    %vpi_call 2 43 "$display", "\012" {0 0 0};
    %vpi_call 2 44 "$display", "Para facilitar el codigo del testbench la nota se ha" {0 0 0};
    %vpi_call 2 45 "$display", "multplicado por 10. Es decir, la nota maxima de esta" {0 0 0};
    %vpi_call 2 46 "$display", "prueba es de 900. Obviamente su nota en Canvas no sera de" {0 0 0};
    %vpi_call 2 47 "$display", "ese valor sino que se dividira dentro de 10." {0 0 0};
    %vpi_call 2 48 "$display", "Es decir, su nota es sobre 9.0 puntos netos." {0 0 0};
    %vpi_call 2 49 "$display", "\012" {0 0 0};
    %end;
    .thread T_24;
    .scope S_0000000001070730;
T_25 ;
    %vpi_call 2 53 "$dumpfile", "uP_tb.vcd" {0 0 0};
    %vpi_call 2 54 "$dumpvars", 32'sb00000000000000000000000000000000, S_0000000001070730 {0 0 0};
    %end;
    .thread T_25;
    .scope S_0000000001070730;
T_26 ;
    %load/vec4 v000000000114b520_0;
    %pad/s 64;
    %muli 1, 0, 64;
    %ix/vec4 4;
    %delayx 4;
    %load/vec4 v000000000114a120_0;
    %pushi/vec4 1, 0, 12;
    %cmp/e;
    %flag_get/vec4 6;
    %load/vec4 v000000000114b700_0;
    %pushi/vec4 15, 0, 4;
    %cmp/e;
    %flag_get/vec4 6;
    %and;
    %flag_set/vec4 8;
    %jmp/0xz  T_26.0, 8;
    %load/vec4 v000000000114bd40_0;
    %addi 70, 0, 32;
    %store/vec4 v000000000114bd40_0, 0, 32;
    %vpi_call 2 61 "$display", "LIT funciona bien. Su nota es: %d/900", v000000000114bd40_0 {0 0 0};
    %jmp T_26.1;
T_26.0 ;
    %vpi_call 2 64 "$display", "LIT NO funciona bien. Su nota es: %d/900", v000000000114bd40_0 {0 0 0};
T_26.1 ;
    %end;
    .thread T_26;
    .scope S_0000000001070730;
T_27 ;
    %load/vec4 v000000000114b520_0;
    %addi 20, 0, 32;
    %pad/s 64;
    %muli 1, 0, 64;
    %ix/vec4 4;
    %delayx 4;
    %load/vec4 v000000000114a120_0;
    %pushi/vec4 2, 0, 12;
    %cmp/e;
    %flag_get/vec4 6;
    %load/vec4 v000000000114b700_0;
    %pushi/vec4 15, 0, 4;
    %cmp/e;
    %flag_get/vec4 6;
    %and;
    %load/vec4 v000000000114b660_0;
    %pushi/vec4 15, 0, 4;
    %cmp/e;
    %flag_get/vec4 6;
    %and;
    %flag_set/vec4 8;
    %jmp/0xz  T_27.0, 8;
    %load/vec4 v000000000114bd40_0;
    %addi 33, 0, 32;
    %store/vec4 v000000000114bd40_0, 0, 32;
    %vpi_call 2 71 "$display", "OUT parece funcionar bien. Su nota es: %d/900", v000000000114bd40_0 {0 0 0};
    %jmp T_27.1;
T_27.0 ;
    %vpi_call 2 74 "$display", "OUT NO funciona bien. Su nota es: %d/900", v000000000114bd40_0 {0 0 0};
T_27.1 ;
    %end;
    .thread T_27;
    .scope S_0000000001070730;
T_28 ;
    %load/vec4 v000000000114b520_0;
    %addi 40, 0, 32;
    %pad/s 64;
    %muli 1, 0, 64;
    %ix/vec4 4;
    %delayx 4;
    %load/vec4 v000000000114a120_0;
    %pushi/vec4 3, 0, 12;
    %cmp/e;
    %flag_get/vec4 6;
    %load/vec4 v000000000114b700_0;
    %pushi/vec4 6, 0, 4;
    %cmp/e;
    %flag_get/vec4 6;
    %and;
    %flag_set/vec4 8;
    %jmp/0xz  T_28.0, 8;
    %load/vec4 v000000000114bd40_0;
    %addi 33, 0, 32;
    %store/vec4 v000000000114bd40_0, 0, 32;
    %vpi_call 2 81 "$display", "IN parece funcionar bien. Su nota es: %d/900", v000000000114bd40_0 {0 0 0};
    %jmp T_28.1;
T_28.0 ;
    %vpi_call 2 84 "$display", "IN NO funciona bien. Su nota es: %d/900", v000000000114bd40_0 {0 0 0};
T_28.1 ;
    %end;
    .thread T_28;
    .scope S_0000000001070730;
T_29 ;
    %load/vec4 v000000000114b520_0;
    %addi 60, 0, 32;
    %pad/s 64;
    %muli 1, 0, 64;
    %ix/vec4 4;
    %delayx 4;
    %load/vec4 v000000000114a120_0;
    %pushi/vec4 4, 0, 12;
    %cmp/e;
    %flag_get/vec4 6;
    %load/vec4 v000000000114b700_0;
    %pushi/vec4 0, 0, 4;
    %cmp/e;
    %flag_get/vec4 6;
    %and;
    %load/vec4 v000000000114bf20_0;
    %pushi/vec4 1, 0, 1;
    %cmp/e;
    %flag_get/vec4 6;
    %and;
    %flag_set/vec4 8;
    %jmp/0xz  T_29.0, 8;
    %vpi_call 2 90 "$display", "La bandera zero se encendio al colocar 4'b0000 en la salida de la ALU." {0 0 0};
    %jmp T_29.1;
T_29.0 ;
    %vpi_call 2 93 "$display", "La bandera zero NO se encendio al colocar 4'b0000 en la salida de la ALU.", v000000000114bd40_0 {0 0 0};
T_29.1 ;
    %end;
    .thread T_29;
    .scope S_0000000001070730;
T_30 ;
    %load/vec4 v000000000114b520_0;
    %addi 100, 0, 32;
    %pad/s 64;
    %muli 1, 0, 64;
    %ix/vec4 4;
    %delayx 4;
    %load/vec4 v000000000114a120_0;
    %pushi/vec4 6, 0, 12;
    %cmp/e;
    %flag_get/vec4 6;
    %load/vec4 v000000000114b700_0;
    %pushi/vec4 9, 0, 4;
    %cmp/e;
    %flag_get/vec4 6;
    %and;
    %load/vec4 v000000000114a940_0;
    %pushi/vec4 1, 0, 1;
    %cmp/e;
    %flag_get/vec4 6;
    %and;
    %flag_set/vec4 8;
    %jmp/0xz  T_30.0, 8;
    %load/vec4 v000000000114bd40_0;
    %addi 33, 0, 32;
    %store/vec4 v000000000114bd40_0, 0, 32;
    %vpi_call 2 100 "$display", "ADDI y la bandera carry funcionan bien. Su nota es: %d/900", v000000000114bd40_0 {0 0 0};
    %jmp T_30.1;
T_30.0 ;
    %vpi_call 2 103 "$display", "ADDI y/o la bandera carry NO funcionan bien. Su nota es: %d/900", v000000000114bd40_0 {0 0 0};
T_30.1 ;
    %end;
    .thread T_30;
    .scope S_0000000001070730;
T_31 ;
    %load/vec4 v000000000114b520_0;
    %addi 120, 0, 32;
    %pad/s 64;
    %muli 1, 0, 64;
    %ix/vec4 4;
    %delayx 4;
    %load/vec4 v000000000114a120_0;
    %pushi/vec4 7, 0, 12;
    %cmp/e;
    %flag_get/vec4 6;
    %load/vec4 v000000000114b700_0;
    %pushi/vec4 9, 0, 4;
    %cmp/e;
    %flag_get/vec4 6;
    %and;
    %load/vec4 v000000000114a940_0;
    %pushi/vec4 0, 0, 1;
    %cmp/e;
    %flag_get/vec4 6;
    %and;
    %flag_set/vec4 8;
    %jmp/0xz  T_31.0, 8;
    %load/vec4 v000000000114bd40_0;
    %addi 33, 0, 32;
    %store/vec4 v000000000114bd40_0, 0, 32;
    %vpi_call 2 110 "$display", "CMPI de A > B hace que la bandera carry este en 0 (como deberia estar). Su nota es %d/900", v000000000114bd40_0 {0 0 0};
    %jmp T_31.1;
T_31.0 ;
    %vpi_call 2 113 "$display", "CMPI de A > B causa que la bandera carry este en 1 o modifico el valor del Accu. Su nota es %d/900", v000000000114bd40_0 {0 0 0};
T_31.1 ;
    %end;
    .thread T_31;
    .scope S_0000000001070730;
T_32 ;
    %load/vec4 v000000000114b520_0;
    %addi 160, 0, 32;
    %pad/s 64;
    %muli 1, 0, 64;
    %ix/vec4 4;
    %delayx 4;
    %load/vec4 v000000000114a120_0;
    %pushi/vec4 9, 0, 12;
    %cmp/e;
    %flag_get/vec4 6;
    %load/vec4 v000000000114b700_0;
    %pushi/vec4 10, 0, 4;
    %cmp/e;
    %flag_get/vec4 6;
    %and;
    %load/vec4 v000000000114a940_0;
    %pushi/vec4 1, 0, 1;
    %cmp/e;
    %flag_get/vec4 6;
    %and;
    %flag_set/vec4 8;
    %jmp/0xz  T_32.0, 8;
    %load/vec4 v000000000114bd40_0;
    %addi 33, 0, 32;
    %store/vec4 v000000000114bd40_0, 0, 32;
    %vpi_call 2 120 "$display", "CMPI de A < B hace que la bandera carry este en 1 (como deberia estar). Su nota es %d/900", v000000000114bd40_0 {0 0 0};
    %jmp T_32.1;
T_32.0 ;
    %vpi_call 2 123 "$display", "CMPI de A > B causa que la bandera carry este en 1 o modifico el valor del Accu.  Su nota es %d/900", v000000000114bd40_0 {0 0 0};
T_32.1 ;
    %end;
    .thread T_32;
    .scope S_0000000001070730;
T_33 ;
    %load/vec4 v000000000114b520_0;
    %addi 180, 0, 32;
    %pad/s 64;
    %muli 1, 0, 64;
    %ix/vec4 4;
    %delayx 4;
    %load/vec4 v000000000114a120_0;
    %pushi/vec4 10, 0, 12;
    %cmp/e;
    %flag_get/vec4 6;
    %load/vec4 v000000000114b700_0;
    %pushi/vec4 11, 0, 4;
    %cmp/e;
    %flag_get/vec4 6;
    %and;
    %load/vec4 v000000000114a940_0;
    %pushi/vec4 0, 0, 1;
    %cmp/e;
    %flag_get/vec4 6;
    %and;
    %load/vec4 v000000000114bf20_0;
    %pushi/vec4 0, 0, 1;
    %cmp/e;
    %flag_get/vec4 6;
    %and;
    %flag_set/vec4 8;
    %jmp/0xz  T_33.0, 8;
    %load/vec4 v000000000114bd40_0;
    %addi 33, 0, 32;
    %store/vec4 v000000000114bd40_0, 0, 32;
    %vpi_call 2 130 "$display", "ADDI sin overflow no levanta las banderas (como deberia estar). Su nota es %d/900", v000000000114bd40_0 {0 0 0};
    %jmp T_33.1;
T_33.0 ;
    %vpi_call 2 133 "$display", "ADDI sin overflow levanto alguna de las banderas o no realizo bien la suma.  Su nota es %d/900", v000000000114bd40_0 {0 0 0};
T_33.1 ;
    %end;
    .thread T_33;
    .scope S_0000000001070730;
T_34 ;
    %load/vec4 v000000000114b520_0;
    %addi 200, 0, 32;
    %pad/s 64;
    %muli 1, 0, 64;
    %ix/vec4 4;
    %delayx 4;
    %load/vec4 v000000000114a120_0;
    %pushi/vec4 11, 0, 12;
    %cmp/e;
    %flag_get/vec4 6;
    %load/vec4 v000000000114b700_0;
    %pushi/vec4 4, 0, 4;
    %cmp/e;
    %flag_get/vec4 6;
    %and;
    %load/vec4 v000000000114a940_0;
    %pushi/vec4 0, 0, 1;
    %cmp/e;
    %flag_get/vec4 6;
    %and;
    %load/vec4 v000000000114bf20_0;
    %pushi/vec4 0, 0, 1;
    %cmp/e;
    %flag_get/vec4 6;
    %and;
    %flag_set/vec4 8;
    %jmp/0xz  T_34.0, 8;
    %load/vec4 v000000000114bd40_0;
    %addi 66, 0, 32;
    %store/vec4 v000000000114bd40_0, 0, 32;
    %vpi_call 2 140 "$display", "NANDI funciona bien. Su nota es %d/900", v000000000114bd40_0 {0 0 0};
    %jmp T_34.1;
T_34.0 ;
    %vpi_call 2 143 "$display", "NANDI NO funciona bien.  Su nota es %d/900", v000000000114bd40_0 {0 0 0};
T_34.1 ;
    %end;
    .thread T_34;
    .scope S_0000000001070730;
T_35 ;
    %load/vec4 v000000000114b520_0;
    %addi 220, 0, 32;
    %pad/s 64;
    %muli 1, 0, 64;
    %ix/vec4 4;
    %delayx 4;
    %load/vec4 v000000000114a120_0;
    %pushi/vec4 12, 0, 12;
    %cmp/e;
    %flag_get/vec4 6;
    %load/vec4 v000000000114b700_0;
    %pushi/vec4 4, 0, 4;
    %cmp/e;
    %flag_get/vec4 6;
    %and;
    %load/vec4 v000000000114a940_0;
    %pushi/vec4 0, 0, 1;
    %cmp/e;
    %flag_get/vec4 6;
    %and;
    %load/vec4 v000000000114bf20_0;
    %pushi/vec4 0, 0, 1;
    %cmp/e;
    %flag_get/vec4 6;
    %and;
    %load/vec4 v000000000114b660_0;
    %pushi/vec4 4, 0, 4;
    %cmp/e;
    %flag_get/vec4 6;
    %and;
    %flag_set/vec4 8;
    %jmp/0xz  T_35.0, 8;
    %load/vec4 v000000000114bd40_0;
    %addi 33, 0, 32;
    %store/vec4 v000000000114bd40_0, 0, 32;
    %vpi_call 2 150 "$display", "OUT funciona bien (la verificacion de OUT se hizo en 2 partes). Su nota es %d/900", v000000000114bd40_0 {0 0 0};
    %jmp T_35.1;
T_35.0 ;
    %vpi_call 2 153 "$display", "OUT NO funciona bien (la verificacion de OUT se hizo en 2 partes).  Su nota es %d/900", v000000000114bd40_0 {0 0 0};
T_35.1 ;
    %pushi/vec4 14, 0, 4;
    %store/vec4 v000000000114ba20_0, 0, 4;
    %end;
    .thread T_35;
    .scope S_0000000001070730;
T_36 ;
    %load/vec4 v000000000114b520_0;
    %addi 240, 0, 32;
    %pad/s 64;
    %muli 1, 0, 64;
    %ix/vec4 4;
    %delayx 4;
    %load/vec4 v000000000114a120_0;
    %pushi/vec4 13, 0, 12;
    %cmp/e;
    %flag_get/vec4 6;
    %load/vec4 v000000000114b700_0;
    %pushi/vec4 14, 0, 4;
    %cmp/e;
    %flag_get/vec4 6;
    %and;
    %load/vec4 v000000000114a940_0;
    %pushi/vec4 0, 0, 1;
    %cmp/e;
    %flag_get/vec4 6;
    %and;
    %load/vec4 v000000000114bf20_0;
    %pushi/vec4 0, 0, 1;
    %cmp/e;
    %flag_get/vec4 6;
    %and;
    %load/vec4 v000000000114b660_0;
    %pushi/vec4 4, 0, 4;
    %cmp/e;
    %flag_get/vec4 6;
    %and;
    %flag_set/vec4 8;
    %jmp/0xz  T_36.0, 8;
    %load/vec4 v000000000114bd40_0;
    %addi 33, 0, 32;
    %store/vec4 v000000000114bd40_0, 0, 32;
    %vpi_call 2 161 "$display", "IN funciona bien (la verificacion de IN se hizo en 2 partes). Su nota es %d/900", v000000000114bd40_0 {0 0 0};
    %jmp T_36.1;
T_36.0 ;
    %vpi_call 2 164 "$display", "IN NO funciona bien (la verificacion de IN se hizo en 2 partes).  Su nota es %d/900", v000000000114bd40_0 {0 0 0};
T_36.1 ;
    %vpi_call 2 166 "$display", "\012-----------------------------------------------------------------------------------------------------------------------------" {0 0 0};
    %vpi_call 2 167 "$display", "Hasta este punto se han verificado todas las instrucciones con inmediatos. Ahora se verificaran las instrucciones con memoria RAM." {0 0 0};
    %vpi_call 2 168 "$display", "La nota maxima (hasta este punto) es 400.\012" {0 0 0};
    %end;
    .thread T_36;
    .scope S_0000000001070730;
T_37 ;
    %load/vec4 v000000000114a760_0;
    %subi 2, 0, 32;
    %pad/s 64;
    %muli 1, 0, 64;
    %ix/vec4 4;
    %delayx 4;
    %load/vec4 v000000000114a120_0;
    %pushi/vec4 14, 0, 12;
    %cmp/e;
    %flag_get/vec4 6;
    %load/vec4 v000000000114b700_0;
    %pushi/vec4 14, 0, 4;
    %cmp/e;
    %flag_get/vec4 6;
    %and;
    %load/vec4 v000000000114b840_0;
    %pushi/vec4 0, 0, 12;
    %cmp/e;
    %flag_get/vec4 6;
    %and;
    %flag_set/vec4 8;
    %jmp/0xz  T_37.0, 8;
    %vpi_call 2 174 "$display", "ST parece funcionar bien, pero no hemos probado si realmente almaceno datos la RAM. PC = 12'h00E, accu = 4'hE y address_RAM = 12'h000. Su nota es %d/900", v000000000114bd40_0 {0 0 0};
    %jmp T_37.1;
T_37.0 ;
    %vpi_call 2 177 "$display", "ST NO parece funcionar bien. Hay algun problema con el PC, accu o la address_RAM.  Su nota es %d/900", v000000000114bd40_0 {0 0 0};
T_37.1 ;
    %end;
    .thread T_37;
    .scope S_0000000001070730;
T_38 ;
    %load/vec4 v000000000114a760_0;
    %subi 4294967178, 0, 32;
    %pad/s 64;
    %muli 1, 0, 64;
    %ix/vec4 4;
    %delayx 4;
    %load/vec4 v000000000114a120_0;
    %pushi/vec4 23, 0, 12;
    %cmp/e;
    %flag_get/vec4 6;
    %load/vec4 v000000000114b700_0;
    %pushi/vec4 1, 0, 4;
    %cmp/e;
    %flag_get/vec4 6;
    %and;
    %load/vec4 v000000000114b840_0;
    %pushi/vec4 819, 0, 12;
    %cmp/e;
    %flag_get/vec4 6;
    %and;
    %flag_set/vec4 8;
    %jmp/0xz  T_38.0, 8;
    %vpi_call 2 183 "$display", "ST parece funcionar bien, pero no hemos probado si realmente almaceno datos la RAM. PC = 12'h017, accu = 4'h1 y address_RAM = 12'h333. Su nota es %d/900", v000000000114bd40_0 {0 0 0};
    %jmp T_38.1;
T_38.0 ;
    %vpi_call 2 186 "$display", "ST NO parece funcionar bien. Hay algun problema con el PC, accu o la address_RAM.  Su nota es %d/900", v000000000114bd40_0 {0 0 0};
T_38.1 ;
    %end;
    .thread T_38;
    .scope S_0000000001070730;
T_39 ;
    %load/vec4 v000000000114a760_0;
    %addi 140, 0, 32;
    %pad/s 64;
    %muli 1, 0, 64;
    %ix/vec4 4;
    %delayx 4;
    %load/vec4 v000000000114a120_0;
    %pushi/vec4 26, 0, 12;
    %cmp/e;
    %flag_get/vec4 6;
    %load/vec4 v000000000114b700_0;
    %pushi/vec4 14, 0, 4;
    %cmp/e;
    %flag_get/vec4 6;
    %and;
    %flag_set/vec4 8;
    %jmp/0xz  T_39.0, 8;
    %vpi_call 2 192 "$display", "LD parece funcionar bien. PC = 12'h01A, accu = 4'hE. Su nota es %d/900", v000000000114bd40_0 {0 0 0};
    %jmp T_39.1;
T_39.0 ;
    %vpi_call 2 195 "$display", "LD parece NO funcionar bien. Puede ser un problema con el PC o con el accu. Su nota es %d/900", v000000000114bd40_0 {0 0 0};
T_39.1 ;
    %end;
    .thread T_39;
    .scope S_0000000001070730;
T_40 ;
    %load/vec4 v000000000114a760_0;
    %addi 200, 0, 32;
    %pad/s 64;
    %muli 1, 0, 64;
    %ix/vec4 4;
    %delayx 4;
    %load/vec4 v000000000114a120_0;
    %pushi/vec4 32, 0, 12;
    %cmp/e;
    %flag_get/vec4 6;
    %load/vec4 v000000000114b700_0;
    %pushi/vec4 1, 0, 4;
    %cmp/e;
    %flag_get/vec4 6;
    %and;
    %flag_set/vec4 8;
    %jmp/0xz  T_40.0, 8;
    %load/vec4 v000000000114bd40_0;
    %addi 80, 0, 32;
    %store/vec4 v000000000114bd40_0, 0, 32;
    %vpi_call 2 202 "$display", "LD parece funcionar bien. PC = 12'h020, accu = 4'h1. Su nota es %d/900", v000000000114bd40_0 {0 0 0};
    %vpi_call 2 203 "$display", "Se hicieron 4 ST y LD para determinar si realmente se estaban almacenando datos." {0 0 0};
    %jmp T_40.1;
T_40.0 ;
    %vpi_call 2 206 "$display", "LD parece NO funcionar bien. Puede ser un problema con el PC o con el accu. Su nota es %d/900", v000000000114bd40_0 {0 0 0};
T_40.1 ;
    %end;
    .thread T_40;
    .scope S_0000000001070730;
T_41 ;
    %load/vec4 v000000000114a760_0;
    %addi 240, 0, 32;
    %pad/s 64;
    %muli 1, 0, 64;
    %ix/vec4 4;
    %delayx 4;
    %load/vec4 v000000000114a120_0;
    %pushi/vec4 35, 0, 12;
    %cmp/e;
    %flag_get/vec4 6;
    %load/vec4 v000000000114b700_0;
    %pushi/vec4 5, 0, 4;
    %cmp/e;
    %flag_get/vec4 6;
    %and;
    %flag_set/vec4 8;
    %jmp/0xz  T_41.0, 8;
    %load/vec4 v000000000114bd40_0;
    %addi 40, 0, 32;
    %store/vec4 v000000000114bd40_0, 0, 32;
    %vpi_call 2 213 "$display", "NANDM funciona bien. PC = 12'h023, accu = 4'h5. Su nota es %d/900", v000000000114bd40_0 {0 0 0};
    %jmp T_41.1;
T_41.0 ;
    %vpi_call 2 216 "$display", "NANDM NO funciona bien. El PC no esta en el valor correcto o el accu no tiene el valor correcto. Su nota es %d/900", v000000000114bd40_0 {0 0 0};
T_41.1 ;
    %end;
    .thread T_41;
    .scope S_0000000001070730;
T_42 ;
    %load/vec4 v000000000114a760_0;
    %addi 280, 0, 32;
    %pad/s 64;
    %muli 1, 0, 64;
    %ix/vec4 4;
    %delayx 4;
    %load/vec4 v000000000114a120_0;
    %pushi/vec4 38, 0, 12;
    %cmp/e;
    %flag_get/vec4 6;
    %load/vec4 v000000000114b700_0;
    %pushi/vec4 0, 0, 4;
    %cmp/e;
    %flag_get/vec4 6;
    %and;
    %load/vec4 v000000000114a940_0;
    %pad/u 32;
    %pushi/vec4 1, 0, 32;
    %cmp/e;
    %flag_get/vec4 6;
    %and;
    %load/vec4 v000000000114bf20_0;
    %pad/u 32;
    %pushi/vec4 1, 0, 32;
    %cmp/e;
    %flag_get/vec4 6;
    %and;
    %flag_set/vec4 8;
    %jmp/0xz  T_42.0, 8;
    %load/vec4 v000000000114bd40_0;
    %addi 40, 0, 32;
    %store/vec4 v000000000114bd40_0, 0, 32;
    %vpi_call 2 223 "$display", "ADDM funciona bien. PC = 12'h026, accu = 4'h0, ambas banderas estan encendidas. Su nota es %d/900", v000000000114bd40_0 {0 0 0};
    %jmp T_42.1;
T_42.0 ;
    %vpi_call 2 226 "$display", "ADDM NO funciona bien. El PC no esta en el valor correcto, el accu no tiene el valor correcto o alguna de las banderas esta en 0. Su nota es %d/900", v000000000114bd40_0 {0 0 0};
T_42.1 ;
    %end;
    .thread T_42;
    .scope S_0000000001070730;
T_43 ;
    %load/vec4 v000000000114a760_0;
    %addi 320, 0, 32;
    %pad/s 64;
    %muli 1, 0, 64;
    %ix/vec4 4;
    %delayx 4;
    %load/vec4 v000000000114a120_0;
    %pushi/vec4 41, 0, 12;
    %cmp/e;
    %flag_get/vec4 6;
    %load/vec4 v000000000114b700_0;
    %pushi/vec4 8, 0, 4;
    %cmp/e;
    %flag_get/vec4 6;
    %and;
    %load/vec4 v000000000114a940_0;
    %pad/u 32;
    %pushi/vec4 1, 0, 32;
    %cmp/e;
    %flag_get/vec4 6;
    %and;
    %load/vec4 v000000000114bf20_0;
    %pad/u 32;
    %pushi/vec4 0, 0, 32;
    %cmp/e;
    %flag_get/vec4 6;
    %and;
    %flag_set/vec4 8;
    %jmp/0xz  T_43.0, 8;
    %load/vec4 v000000000114bd40_0;
    %addi 20, 0, 32;
    %store/vec4 v000000000114bd40_0, 0, 32;
    %vpi_call 2 233 "$display", "CMPM funciona bien con A < B (1/2). PC = 12'h029, accu = 4'h8, c_flag = 1, z_flag = 0. Su nota es %d/900", v000000000114bd40_0 {0 0 0};
    %jmp T_43.1;
T_43.0 ;
    %vpi_call 2 236 "$display", "CMPM NO funciona bien para A < B (1/2). El PC no esta en el valor correcto, el accu no tiene el valor correcto, c_flag = 0 o z_flag = 1. Su nota es %d/900", v000000000114bd40_0 {0 0 0};
T_43.1 ;
    %end;
    .thread T_43;
    .scope S_0000000001070730;
T_44 ;
    %load/vec4 v000000000114a760_0;
    %addi 360, 0, 32;
    %pad/s 64;
    %muli 1, 0, 64;
    %ix/vec4 4;
    %delayx 4;
    %load/vec4 v000000000114a120_0;
    %pushi/vec4 44, 0, 12;
    %cmp/e;
    %flag_get/vec4 6;
    %load/vec4 v000000000114b700_0;
    %pushi/vec4 12, 0, 4;
    %cmp/e;
    %flag_get/vec4 6;
    %and;
    %load/vec4 v000000000114a940_0;
    %pad/u 32;
    %pushi/vec4 0, 0, 32;
    %cmp/e;
    %flag_get/vec4 6;
    %and;
    %load/vec4 v000000000114bf20_0;
    %pad/u 32;
    %pushi/vec4 0, 0, 32;
    %cmp/e;
    %flag_get/vec4 6;
    %and;
    %flag_set/vec4 8;
    %jmp/0xz  T_44.0, 8;
    %load/vec4 v000000000114bd40_0;
    %addi 20, 0, 32;
    %store/vec4 v000000000114bd40_0, 0, 32;
    %vpi_call 2 243 "$display", "CMPM funciona bien con A > B (2/2). PC = 12'h02C, accu = 4'hC, c_flag = 0, z_flag = 0. Su nota es %d/900", v000000000114bd40_0 {0 0 0};
    %jmp T_44.1;
T_44.0 ;
    %vpi_call 2 246 "$display", "CMPM NO funciona bien para A > B (2/2). El PC no esta en el valor correcto, el accu no tiene el valor correcto, c_flag = 1 o z_flag = 1. Su nota es %d/900", v000000000114bd40_0 {0 0 0};
T_44.1 ;
    %vpi_call 2 248 "$display", "\012-----------------------------------------------------------------------------------------------------------------------------" {0 0 0};
    %vpi_call 2 249 "$display", "Hasta este punto se han verificado todas las instrucciones con inmediatos y memoria RAM. Ahora se verificaran las instrucciones de saltos." {0 0 0};
    %vpi_call 2 250 "$display", "La nota maxima (hasta este punto) es 600.\012" {0 0 0};
    %end;
    .thread T_44;
    .scope S_0000000001070730;
T_45 ;
    %load/vec4 v000000000114b160_0;
    %pad/s 64;
    %muli 1, 0, 64;
    %ix/vec4 4;
    %delayx 4;
    %load/vec4 v000000000114a120_0;
    %cmpi/e 2561, 0, 12;
    %jmp/0xz  T_45.0, 6;
    %load/vec4 v000000000114bd40_0;
    %addi 60, 0, 32;
    %store/vec4 v000000000114bd40_0, 0, 32;
    %vpi_call 2 258 "$display", "JMP funciona bien. Ahora estamos en PC = 12'hA01. Su nota es %d/900", v000000000114bd40_0 {0 0 0};
    %jmp T_45.1;
T_45.0 ;
    %vpi_call 2 261 "$display", "JMP NO funciona bien. El PC no esta en la localidad 12'HA01.  Su nota es %d/900", v000000000114bd40_0 {0 0 0};
T_45.1 ;
    %end;
    .thread T_45;
    .scope S_0000000001070730;
T_46 ;
    %load/vec4 v000000000114b160_0;
    %addi 60, 0, 32;
    %pad/s 64;
    %muli 1, 0, 64;
    %ix/vec4 4;
    %delayx 4;
    %load/vec4 v000000000114a120_0;
    %pushi/vec4 80, 0, 12;
    %cmp/e;
    %flag_get/vec4 6;
    %load/vec4 v000000000114a940_0;
    %pushi/vec4 1, 0, 1;
    %cmp/e;
    %flag_get/vec4 6;
    %and;
    %flag_set/vec4 8;
    %jmp/0xz  T_46.0, 8;
    %load/vec4 v000000000114bd40_0;
    %addi 30, 0, 32;
    %store/vec4 v000000000114bd40_0, 0, 32;
    %vpi_call 2 268 "$display", "JC parece funcionar bien con carry = 1 (1/2). Ahora estamos en PC = 12'h050. Su nota es %d/900", v000000000114bd40_0 {0 0 0};
    %jmp T_46.1;
T_46.0 ;
    %vpi_call 2 271 "$display", "JC NO funciona bien. El PC no esta en la localidad 12'HA01 o carry no es 1.  Su nota es %d/900", v000000000114bd40_0 {0 0 0};
T_46.1 ;
    %end;
    .thread T_46;
    .scope S_0000000001070730;
T_47 ;
    %load/vec4 v000000000114b160_0;
    %addi 120, 0, 32;
    %pad/s 64;
    %muli 1, 0, 64;
    %ix/vec4 4;
    %delayx 4;
    %load/vec4 v000000000114a120_0;
    %pushi/vec4 3913, 0, 12;
    %cmp/e;
    %flag_get/vec4 6;
    %load/vec4 v000000000114bf20_0;
    %pushi/vec4 1, 0, 1;
    %cmp/e;
    %flag_get/vec4 6;
    %and;
    %flag_set/vec4 8;
    %jmp/0xz  T_47.0, 8;
    %load/vec4 v000000000114bd40_0;
    %addi 30, 0, 32;
    %store/vec4 v000000000114bd40_0, 0, 32;
    %vpi_call 2 278 "$display", "JZ parece funcionar bien con zero = 1 (1/2). Ahora estamos en PC = 12'hF49. Su nota es %d/900", v000000000114bd40_0 {0 0 0};
    %jmp T_47.1;
T_47.0 ;
    %vpi_call 2 281 "$display", "JZ NO funciona bien. El PC no esta en la localidad 12'hA01 o zero no es 1.  Su nota es %d/900", v000000000114bd40_0 {0 0 0};
T_47.1 ;
    %end;
    .thread T_47;
    .scope S_0000000001070730;
T_48 ;
    %load/vec4 v000000000114b160_0;
    %addi 180, 0, 32;
    %pad/s 64;
    %muli 1, 0, 64;
    %ix/vec4 4;
    %delayx 4;
    %load/vec4 v000000000114a120_0;
    %pushi/vec4 3917, 0, 12;
    %cmp/e;
    %flag_get/vec4 6;
    %load/vec4 v000000000114bf20_0;
    %pushi/vec4 0, 0, 1;
    %cmp/e;
    %flag_get/vec4 6;
    %and;
    %load/vec4 v000000000114a940_0;
    %pushi/vec4 0, 0, 1;
    %cmp/e;
    %flag_get/vec4 6;
    %and;
    %load/vec4 v000000000114b700_0;
    %pushi/vec4 6, 0, 4;
    %cmp/e;
    %flag_get/vec4 6;
    %and;
    %flag_set/vec4 8;
    %jmp/0xz  T_48.0, 8;
    %load/vec4 v000000000114bd40_0;
    %addi 30, 0, 32;
    %store/vec4 v000000000114bd40_0, 0, 32;
    %vpi_call 2 288 "$display", "JC parece funcionar bien con carry = 0 (2/2). El PC aumento en +1 en vez de saltar. Su nota es %d/900", v000000000114bd40_0 {0 0 0};
    %jmp T_48.1;
T_48.0 ;
    %vpi_call 2 291 "$display", "JC NO funciona bien. El PC salto a otra localidad o zero = 1 o carry =1 o por alguna razon su accu cambio de valor.  Su nota es %d/900", v000000000114bd40_0 {0 0 0};
T_48.1 ;
    %end;
    .thread T_48;
    .scope S_0000000001070730;
T_49 ;
    %load/vec4 v000000000114b160_0;
    %addi 200, 0, 32;
    %pad/s 64;
    %muli 1, 0, 64;
    %ix/vec4 4;
    %delayx 4;
    %load/vec4 v000000000114a120_0;
    %pushi/vec4 3919, 0, 12;
    %cmp/e;
    %flag_get/vec4 6;
    %load/vec4 v000000000114bf20_0;
    %pushi/vec4 0, 0, 1;
    %cmp/e;
    %flag_get/vec4 6;
    %and;
    %load/vec4 v000000000114a940_0;
    %pushi/vec4 0, 0, 1;
    %cmp/e;
    %flag_get/vec4 6;
    %and;
    %load/vec4 v000000000114b700_0;
    %pushi/vec4 6, 0, 4;
    %cmp/e;
    %flag_get/vec4 6;
    %and;
    %flag_set/vec4 8;
    %jmp/0xz  T_49.0, 8;
    %load/vec4 v000000000114bd40_0;
    %addi 30, 0, 32;
    %store/vec4 v000000000114bd40_0, 0, 32;
    %vpi_call 2 298 "$display", "JZ parece funcionar bien con zero = 0 (2/2). El PC aumento en +1 en vez de saltar. Su nota es %d/900", v000000000114bd40_0 {0 0 0};
    %jmp T_49.1;
T_49.0 ;
    %vpi_call 2 301 "$display", "JZ NO funciona bien. El PC salto a otra localidad o zero = 1 o carry =1 o por alguna razon su accu cambio de valor.  Su nota es %d/900", v000000000114bd40_0 {0 0 0};
T_49.1 ;
    %end;
    .thread T_49;
    .scope S_0000000001070730;
T_50 ;
    %load/vec4 v000000000114b160_0;
    %addi 220, 0, 32;
    %pad/s 64;
    %muli 1, 0, 64;
    %ix/vec4 4;
    %delayx 4;
    %load/vec4 v000000000114a120_0;
    %pushi/vec4 547, 0, 12;
    %cmp/e;
    %flag_get/vec4 6;
    %load/vec4 v000000000114bf20_0;
    %pushi/vec4 0, 0, 1;
    %cmp/e;
    %flag_get/vec4 6;
    %and;
    %load/vec4 v000000000114a940_0;
    %pushi/vec4 0, 0, 1;
    %cmp/e;
    %flag_get/vec4 6;
    %and;
    %load/vec4 v000000000114b700_0;
    %pushi/vec4 6, 0, 4;
    %cmp/e;
    %flag_get/vec4 6;
    %and;
    %flag_set/vec4 8;
    %jmp/0xz  T_50.0, 8;
    %load/vec4 v000000000114bd40_0;
    %addi 30, 0, 32;
    %store/vec4 v000000000114bd40_0, 0, 32;
    %vpi_call 2 308 "$display", "JNC parece funcionar bien con carry = 0 (1/2). El PC = 12'h223, c_flag = 0, z_flag = 0, accu = 4'h6. Su nota es %d/900", v000000000114bd40_0 {0 0 0};
    %jmp T_50.1;
T_50.0 ;
    %vpi_call 2 311 "$display", "JNC NO funciona bien (1/2). El PC no esta en 12'h223, alguna bandera esta encendida o el accu cambio por alguna razon. Su nota es %d/900", v000000000114bd40_0 {0 0 0};
T_50.1 ;
    %end;
    .thread T_50;
    .scope S_0000000001070730;
T_51 ;
    %load/vec4 v000000000114b160_0;
    %addi 260, 0, 32;
    %pad/s 64;
    %muli 1, 0, 64;
    %ix/vec4 4;
    %delayx 4;
    %load/vec4 v000000000114a120_0;
    %pushi/vec4 549, 0, 12;
    %cmp/e;
    %flag_get/vec4 6;
    %load/vec4 v000000000114bf20_0;
    %pushi/vec4 0, 0, 1;
    %cmp/e;
    %flag_get/vec4 6;
    %and;
    %load/vec4 v000000000114a940_0;
    %pushi/vec4 1, 0, 1;
    %cmp/e;
    %flag_get/vec4 6;
    %and;
    %load/vec4 v000000000114b700_0;
    %pushi/vec4 10, 0, 4;
    %cmp/e;
    %flag_get/vec4 6;
    %and;
    %flag_set/vec4 8;
    %jmp/0xz  T_51.0, 8;
    %load/vec4 v000000000114bd40_0;
    %addi 30, 0, 32;
    %store/vec4 v000000000114bd40_0, 0, 32;
    %vpi_call 2 318 "$display", "JNC parece funcionar bien con carry = 1 (2/2). El PC = 12'h225, c_flag = 1, z_flag = 0, accu = 4'hA. Su nota es %d/900", v000000000114bd40_0 {0 0 0};
    %jmp T_51.1;
T_51.0 ;
    %vpi_call 2 321 "$display", "JNC NO funciona bien (2/2). El PC si cambio con la bandera carry encendida o el accu cambio por alguna razon. Su nota es %d/900", v000000000114bd40_0 {0 0 0};
T_51.1 ;
    %end;
    .thread T_51;
    .scope S_0000000001070730;
T_52 ;
    %load/vec4 v000000000114b160_0;
    %addi 300, 0, 32;
    %pad/s 64;
    %muli 1, 0, 64;
    %ix/vec4 4;
    %delayx 4;
    %load/vec4 v000000000114a120_0;
    %pushi/vec4 1347, 0, 12;
    %cmp/e;
    %flag_get/vec4 6;
    %load/vec4 v000000000114bf20_0;
    %pushi/vec4 0, 0, 1;
    %cmp/e;
    %flag_get/vec4 6;
    %and;
    %load/vec4 v000000000114a940_0;
    %pushi/vec4 1, 0, 1;
    %cmp/e;
    %flag_get/vec4 6;
    %and;
    %load/vec4 v000000000114b700_0;
    %pushi/vec4 10, 0, 4;
    %cmp/e;
    %flag_get/vec4 6;
    %and;
    %flag_set/vec4 8;
    %jmp/0xz  T_52.0, 8;
    %load/vec4 v000000000114bd40_0;
    %addi 30, 0, 32;
    %store/vec4 v000000000114bd40_0, 0, 32;
    %vpi_call 2 328 "$display", "JNZ parece funcionar bien con zero = 0 (1/2). El PC = 12'h543, c_flag = 1, z_flag = 0, accu = 4'hA. Su nota es %d/900", v000000000114bd40_0 {0 0 0};
    %jmp T_52.1;
T_52.0 ;
    %vpi_call 2 331 "$display", "JNZ NO funciona bien (1/2). El PC no cambio con la bandera zero apagada o el accu cambio por alguna razon. Su nota es %d/900", v000000000114bd40_0 {0 0 0};
T_52.1 ;
    %end;
    .thread T_52;
    .scope S_0000000001070730;
T_53 ;
    %load/vec4 v000000000114b160_0;
    %addi 340, 0, 32;
    %pad/s 64;
    %muli 1, 0, 64;
    %ix/vec4 4;
    %delayx 4;
    %load/vec4 v000000000114a120_0;
    %pushi/vec4 1350, 0, 12;
    %cmp/e;
    %flag_get/vec4 6;
    %load/vec4 v000000000114bf20_0;
    %pushi/vec4 1, 0, 1;
    %cmp/e;
    %flag_get/vec4 6;
    %and;
    %load/vec4 v000000000114a940_0;
    %pushi/vec4 0, 0, 1;
    %cmp/e;
    %flag_get/vec4 6;
    %and;
    %load/vec4 v000000000114b700_0;
    %pushi/vec4 0, 0, 4;
    %cmp/e;
    %flag_get/vec4 6;
    %and;
    %flag_set/vec4 8;
    %jmp/0xz  T_53.0, 8;
    %load/vec4 v000000000114bd40_0;
    %addi 30, 0, 32;
    %store/vec4 v000000000114bd40_0, 0, 32;
    %vpi_call 2 338 "$display", "JNZ parece funcionar bien con zero = 0 (2/2). El PC = 12'h546, c_flag = 0, z_flag = 1, accu = 4'h0. Su nota es %d/900", v000000000114bd40_0 {0 0 0};
    %jmp T_53.1;
T_53.0 ;
    %vpi_call 2 341 "$display", "JNZ NO funciona bien (2/2). El PC si cambio con la bandera zero encendida o el accu cambio por alguna razon. Su nota es %d/900", v000000000114bd40_0 {0 0 0};
T_53.1 ;
    %vpi_call 2 343 "$display", "\012-----------------------------------------------------------------------------------------------------------------------------" {0 0 0};
    %vpi_call 2 344 "$display", "Esta ultima seccion de pruebas verifico las instrucciones con saltos. Este es el final del testbench y de su proyecto" {0 0 0};
    %vpi_call 2 345 "$display", "La nota final de Kate es: %d/900.\012", v000000000114bd40_0 {0 0 0};
    %end;
    .thread T_53;
    .scope S_0000000001070730;
T_54 ;
    %delay 999, 0;
    %load/vec4 v000000000114bd40_0;
    %cmpi/e 900, 0, 32;
    %jmp/0xz  T_54.0, 4;
    %vpi_call 2 351 "$display", "@@@@@@@@@@@@@@@@@@@@@@@@@@@@@@@@@@@@@@@@@@@@@@@@@@@@@@@@@8i.  .,ifG@@@@@@@@@@@@@@@@@@@@@@@@@@@@@@@@@" {0 0 0};
    %vpi_call 2 352 "$display", "@@@@@@@@@@@@@@@@@@@@@@@@@@@@@@@@@@@@@@@@@@@@@@@@@@@@@@@@@0,       .;L8@@@@@@@@@@@@@@@@@@@@@@@@@@@@@@" {0 0 0};
    %vpi_call 2 353 "$display", "@@@@@@@@@@@@@@@@@@@@@@@@@@@@@@@@@@@@@@@@@@@@@@@@@@@@@@@@@G.          i0@@@@@@@@@@@@@@@@@@@@@@@@@@@@@" {0 0 0};
    %vpi_call 2 354 "$display", "@@@@@@@@@@@@@@@@@@@@@@@@@@@@@@@@@@@@@@@@@@@@@@@@@@@@@@@@@f            :0@@@@@@@@@@@@@@@@@@@@@@@@@@@@" {0 0 0};
    %vpi_call 2 355 "$display", "@@@@@@@@@@@@@@@@@@@@@@@@@@@@@@@@@@@@@@@@@@@@@@@@@@@@@@@@@i             1@@@@@@@@@@@@@@@@@@@@@@@@@@@@" {0 0 0};
    %vpi_call 2 356 "$display", "@@@@@@@@@@@@@@@@@@@@@@@@@@@@@@@@@@@@@@@@@@@@@@@@@@@@@@@@0,             .0@@@@@@@@@@@@@@@@@@@@@@@@@@@" {0 0 0};
    %vpi_call 2 357 "$display", "@@@@@@@@@@@@@@@@@@@@@@@@@@@@@@@@@@@@@@@@@@@@@@@@@@@@@@@@L               L@@@@@@@@@@@@@@@@@@@@@@@@@@@" {0 0 0};
    %vpi_call 2 358 "$display", "@@@@@@@@@@@@@@@@@@@@@@@@@@@@@@@@@@@@@@@@@@@@@@@@@@@@@@@8;               L@@@@@@@@@@@@@@@@@@@@@@@@@@@" {0 0 0};
    %vpi_call 2 359 "$display", "@@@@@@@@@@@@@@@@@@@@@@@@@@@@@@@@@@@@@@@@@@@@@@@@@@@@@@@L                C@@@@@@@@@@@@@@@@@@@@@@@@@@@" {0 0 0};
    %vpi_call 2 360 "$display", "@@@@@@@@@@@@@@@@@@@@@@@@@@@@@@@@@@@@@@@@@@@@@@@@@@@@@@G,               ,0@@@@@@@@@@@@@@@@@@@@@@@@@@@" {0 0 0};
    %vpi_call 2 361 "$display", "@@@@@@@@@@@@@@@@@@@@@@@@@@@@@@@@@@@@@@@@@@@@@@@@@@@@@G:                t@@@@@@@@@@@@@@@@@@@@@@@@@@@@" {0 0 0};
    %vpi_call 2 362 "$display", "@@@@@@@@@@@@@@@@@@@@@@@@@@@@@@@@@@@@@@@@@@@@@@@@@@@8f,                ;8@@@@@@@@@@@@@@@@@@@@@@@@@@@@" {0 0 0};
    %vpi_call 2 363 "$display", "@@@@@@@@@@@@@@@@@@@@@@@@@@@@@@@@@@@@@@@@@@@@@@@@@8L;                 :0@@@@@@@@@@@@@@@@@@@@@@@@@@@@@" {0 0 0};
    %vpi_call 2 364 "$display", "@@@@@@@@@@@@@@@@@@@@@@@@@@@@@@@@@@@@@@@@@@@@@@@Gt:                  :0@@@@@@@@@@@@@@@@@@@@@@@@@@@@@@" {0 0 0};
    %vpi_call 2 365 "$display", "@@@@@@@@@@@@@@@@@@@@@@@@@@@@@@@@@@@@@@@@@@@@@Ci.                   :0@@@@@@@@@@@@@@@@@@@@@@@@@@@@@@@" {0 0 0};
    %vpi_call 2 366 "$display", "@@@@@@@@@@@@@@@@@@@@@@@@@@@@@@@@@@@@@@@@@@@81.                    :0@@@@@@@@@@@@@@@@@@@@@@@@@@@@@@@@" {0 0 0};
    %vpi_call 2 367 "$display", "@@@@@@@@@@@@@@@@@@@@@@@@@@@@@@@@@@@@@@@@@@8i                     ,G@@@@@@@@@@@@@@@@@@@@@@@@@@@@@@@@@" {0 0 0};
    %vpi_call 2 368 "$display", "@@@@@@@@@@@@@@@@@@@@@@@@@@@@@@@@@@@@@@@@@@t                     .L@@@@@@@@@@@@@@@@@@@@@@@@@@@@@@@@@@" {0 0 0};
    %vpi_call 2 369 "$display", "@@@@@@@@@@@@@@@@@@@@@@@@@@@@@@@@@@@@@@@@@L.                     i@@@@@@@@@@@@@@@@@@@@@@@@@@@@@@@@@@@" {0 0 0};
    %vpi_call 2 370 "$display", "@@@@@@@@@@@@@@@@@@@@@@@@@@@@@@@@@@@@@@@@C.                      f@@@@@@@@@@@@@@@@@@@@@@@@@@@@@@@@@@@" {0 0 0};
    %vpi_call 2 371 "$display", "@@@@@@@@@@@@@@@@@@@@@@@@@@@@@@@@@@@@@@@C,                       iCCLLLLLLLLLLLLLLLLLLCCCGG088@@@@@@@" {0 0 0};
    %vpi_call 2 372 "$display", "@@@@@@@@@@@@@@@@@@@@@@@@@@@@@@@@@@@@@@G,                                               ....,:iL8@@@@" {0 0 0};
    %vpi_call 2 373 "$display", "@@@@@@@@@@@@@@@@@@@@@@@@@@@@@@@@@@@@@C,                                                        :L@@@" {0 0 0};
    %vpi_call 2 374 "$display", "@@@@@@@@@@@@@@@@@@@@@@@@@@@@@@@@@@@@L,                                                          .10@" {0 0 0};
    %vpi_call 2 375 "$display", "@@@@@@@@@@@@@@@@@@@@@@@@@@@@@@@@@@8t.                                                             ;0" {0 0 0};
    %vpi_call 2 376 "$display", "@@@@@@@@@@@@@@@@@@@@@@@@@@@@@@@@@G;                                                                ;" {0 0 0};
    %vpi_call 2 377 "$display", "@@@888888888888888@@@@@@@@@@@@@0t,                                                                 ," {0 0 0};
    %vpi_call 2 378 "$display", "0f;,,,,,,,,,,,,,,,;f8@@@@8880C1,                                                                  ;G" {0 0 0};
    %vpi_call 2 379 "$display", ":                   i8@@8i,,.                                                                   .f8@" {0 0 0};
    %vpi_call 2 380 "$display", ":                   ,8@@8:                                                                      i@@@" {0 0 0};
    %vpi_call 2 381 "$display", ":                   ,8@@8:                                                                      ,C@@" {0 0 0};
    %vpi_call 2 382 "$display", ":                   ,8@@8:                                                                       ,L@" {0 0 0};
    %vpi_call 2 383 "$display", ":                   ,8@@8:                                                                        .t" {0 0 0};
    %vpi_call 2 384 "$display", ":                   ,8@@8:                                                                         ," {0 0 0};
    %vpi_call 2 385 "$display", ":                   ,8@@8:                                                                       .iG" {0 0 0};
    %vpi_call 2 386 "$display", ":                   ,8@@8:                                                                      :L@@" {0 0 0};
    %vpi_call 2 387 "$display", ":                   ,8@@8:                                                                     ;8@@@" {0 0 0};
    %vpi_call 2 388 "$display", ":                   ,8@@8:                                                                     i@@@@" {0 0 0};
    %vpi_call 2 389 "$display", ":                   ,8@@8:                                                                     .f@@@" {0 0 0};
    %vpi_call 2 390 "$display", ":                   ,8@@8:                                                                      .C@@" {0 0 0};
    %vpi_call 2 391 "$display", ":                   ,8@@8:                                                                       i@@" {0 0 0};
    %vpi_call 2 392 "$display", ":                   ,8@@8:                                                                      ,L@@" {0 0 0};
    %vpi_call 2 393 "$display", ":                   ,8@@8:                                                                    .1G@@@" {0 0 0};
    %vpi_call 2 394 "$display", ":                   ,8@@8:                                                                  .1G@@@@@" {0 0 0};
    %vpi_call 2 395 "$display", ":                   ,8@@8:                                                                 ,C@@@@@@@" {0 0 0};
    %vpi_call 2 396 "$display", ":                   ,8@@8:                                                                 ;@@@@@@@@" {0 0 0};
    %vpi_call 2 397 "$display", ":                   ,8@@8:                                                                 ;@@@@@@@@" {0 0 0};
    %vpi_call 2 398 "$display", ":                   ,8@@8:                                                                 1@@@@@@@@" {0 0 0};
    %vpi_call 2 399 "$display", ":                   ,8@@8:                                                               .t8@@@@@@@@" {0 0 0};
    %vpi_call 2 400 "$display", ":                   i8@@@Lt1i;:,..                                                     .1G@@@@@@@@@@" {0 0 0};
    %vpi_call 2 401 "$display", "0f;,,,,,,,,,,,,,,:;f8@@@@@@@@@800GCLfti;::,..                                       .;f0@@@@@@@@@@@@" {0 0 0};
    %vpi_call 2 402 "$display", "@@@800000000000008@@@@@@@@@@@@@@@@@@@@@@880GCLft11ii;;::,,,.....           ...,::i1fG8@@@@@@@@@@@@@@" {0 0 0};
T_54.0 ;
    %end;
    .thread T_54;
# The file index is used to find the file name in the following table.
:file_names 14;
    "N/A";
    "<interactive>";
    "uP_tb.v";
    "./uP.v";
    "./Phase_module.v";
    "./Acumulador.v";
    "./Alu.v";
    "./Buffer.v";
    "./Decoder.v";
    "./Fetch.v";
    "./Flags.v";
    "./P_counter.v";
    "./Ram.v";
    "./Rom.v";
